<?xml version="1.0" encoding="UTF-8"?>
<!-- Generated by org.testng.reporters.JUnitXMLReporter -->
<testsuite ignored="0" hostname="DESKTOP-3CKB1BI" failures="0" tests="3" name="Test" time="35.467" errors="0" timestamp="2025-08-03T06:54:41 IST">
  <testcase classname="tests.smoke.SignUpTest" name="createNewUser" time="5.209"/>
  <testcase classname="tests.smoke.SignUpTest" name="verifySignupWithExcelData" time="6.352"/>
  <testcase classname="tests.smoke.SignUpTest" name="verifySignupWithExcelData" time="5.246"/>
</testsuite> <!-- Test -->
