<?xml version="1.0" encoding="UTF-8"?>
<!-- Generated by org.testng.reporters.JUnitXMLReporter -->
<testsuite ignored="0" hostname="DESKTOP-3CKB1BI" failures="0" tests="3" name="Test" time="45.197" errors="0" timestamp="2025-08-03T08:58:55 IST">
  <testcase classname="tests.smoke.SignUpTest" name="createNewUser" time="7.049"/>
  <testcase classname="tests.smoke.SignUpTest" name="verifySignupWithExcelData" time="7.18"/>
  <testcase classname="tests.smoke.SignUpTest" name="verifySignupWithExcelData" time="6.445"/>
</testsuite> <!-- Test -->
