<?xml version="1.0" encoding="UTF-8"?>
<testng-results ignored="0" total="3" passed="3" failed="0" skipped="0">
  <reporter-output>
  </reporter-output>
  <suite started-at="2025-08-03T06:54:05 IST" name="Suite" finished-at="2025-08-03T06:54:40 IST" duration-ms="35467">
    <groups>
    </groups>
    <test started-at="2025-08-03T06:54:05 IST" name="Test" finished-at="2025-08-03T06:54:40 IST" duration-ms="35467">
      <class name="tests.smoke.SignUpTest">
        <test-method is-config="true" signature="setUp()[pri:0, instance:tests.smoke.SignUpTest@72c28d64]" started-at="2025-08-03T06:54:05 IST" name="setUp" finished-at="2025-08-03T06:54:10 IST" duration-ms="5271" status="PASS">
          <reporter-output>
          </reporter-output>
        </test-method> <!-- setUp -->
        <test-method signature="createNewUser()[pri:0, instance:tests.smoke.SignUpTest@72c28d64]" started-at="2025-08-03T06:54:10 IST" name="createNewUser" finished-at="2025-08-03T06:54:15 IST" duration-ms="5209" status="PASS">
          <reporter-output>
          </reporter-output>
        </test-method> <!-- createNewUser -->
        <test-method is-config="true" signature="tearDown()[pri:0, instance:tests.smoke.SignUpTest@72c28d64]" started-at="2025-08-03T06:54:15 IST" name="tearDown" finished-at="2025-08-03T06:54:15 IST" duration-ms="145" status="PASS">
          <reporter-output>
          </reporter-output>
        </test-method> <!-- tearDown -->
        <test-method is-config="true" signature="setUp()[pri:0, instance:tests.smoke.SignUpTest@72c28d64]" started-at="2025-08-03T06:54:16 IST" name="setUp" finished-at="2025-08-03T06:54:21 IST" duration-ms="5570" status="PASS">
          <reporter-output>
          </reporter-output>
        </test-method> <!-- setUp -->
        <test-method signature="verifySignupWithExcelData(java.lang.String,java.lang.String,java.lang.String,java.lang.String,java.lang.String,java.lang.String,java.lang.String)[pri:0, instance:tests.smoke.SignUpTest@72c28d64]" started-at="2025-08-03T06:54:21 IST" name="verifySignupWithExcelData" data-provider="signupData" finished-at="2025-08-03T06:54:28 IST" duration-ms="6352" status="PASS">
          <params>
            <param index="0">
              <value>
                <![CDATA[Bipin]]>
              </value>
            </param>
            <param index="1">
              <value>
                <![CDATA[bipin1@example.com]]>
              </value>
            </param>
            <param index="2">
              <value>
                <![CDATA[Pass@123]]>
              </value>
            </param>
            <param index="3">
              <value>
                <![CDATA[Bipin]]>
              </value>
            </param>
            <param index="4">
              <value>
                <![CDATA[Rawat]]>
              </value>
            </param>
            <param index="5">
              <value>
                <![CDATA[Optum]]>
              </value>
            </param>
            <param index="6">
              <value>
                <![CDATA[Street 1]]>
              </value>
            </param>
          </params>
          <reporter-output>
          </reporter-output>
        </test-method> <!-- verifySignupWithExcelData -->
        <test-method is-config="true" signature="tearDown()[pri:0, instance:tests.smoke.SignUpTest@72c28d64]" started-at="2025-08-03T06:54:28 IST" name="tearDown" finished-at="2025-08-03T06:54:28 IST" duration-ms="178" status="PASS">
          <reporter-output>
          </reporter-output>
        </test-method> <!-- tearDown -->
        <test-method is-config="true" signature="setUp()[pri:0, instance:tests.smoke.SignUpTest@72c28d64]" started-at="2025-08-03T06:54:28 IST" name="setUp" finished-at="2025-08-03T06:54:35 IST" duration-ms="6879" status="PASS">
          <reporter-output>
          </reporter-output>
        </test-method> <!-- setUp -->
        <test-method signature="verifySignupWithExcelData(java.lang.String,java.lang.String,java.lang.String,java.lang.String,java.lang.String,java.lang.String,java.lang.String)[pri:0, instance:tests.smoke.SignUpTest@72c28d64]" started-at="2025-08-03T06:54:35 IST" name="verifySignupWithExcelData" data-provider="signupData" finished-at="2025-08-03T06:54:40 IST" duration-ms="5246" status="PASS">
          <params>
            <param index="0">
              <value>
                <![CDATA[Ravi]]>
              </value>
            </param>
            <param index="1">
              <value>
                <![CDATA[ravi99@example.com]]>
              </value>
            </param>
            <param index="2">
              <value>
                <![CDATA[Pass@456]]>
              </value>
            </param>
            <param index="3">
              <value>
                <![CDATA[Ravi]]>
              </value>
            </param>
            <param index="4">
              <value>
                <![CDATA[Kumar]]>
              </value>
            </param>
            <param index="5">
              <value>
                <![CDATA[Capgemini]]>
              </value>
            </param>
            <param index="6">
              <value>
                <![CDATA[Block 9]]>
              </value>
            </param>
          </params>
          <reporter-output>
          </reporter-output>
        </test-method> <!-- verifySignupWithExcelData -->
        <test-method is-config="true" signature="tearDown()[pri:0, instance:tests.smoke.SignUpTest@72c28d64]" started-at="2025-08-03T06:54:40 IST" name="tearDown" finished-at="2025-08-03T06:54:40 IST" duration-ms="142" status="PASS">
          <reporter-output>
          </reporter-output>
        </test-method> <!-- tearDown -->
      </class> <!-- tests.smoke.SignUpTest -->
    </test> <!-- Test -->
  </suite> <!-- Suite -->
</testng-results>
